<?xml version="1.0" encoding="UTF-8"?>
<!-- Generated by org.testng.reporters.JUnitReportReporter -->
<testsuite hostname="hp" failures="0" tests="2" name="automationFramework.Main" time="45.814" errors="0" timestamp="2024-09-10T12:35:49 EEST" skipped="0">
  <testcase classname="automationFramework.Main" name="setUp" time="7.438"/>
  <system-out/>
  <testcase classname="automationFramework.Main" name="runAllTests" time="38.376"/>
  <system-out/>
</testsuite> <!-- automationFramework.Main -->
