<?xml version="1.0" encoding="UTF-8"?>
<!-- Generated by org.testng.reporters.JUnitReportReporter -->
<testsuite hostname="hp" failures="0" tests="2" name="automationFramework.LoginTest" time="6.278" errors="0" timestamp="2024-09-09T11:54:27 EEST" skipped="0">
  <testcase classname="automationFramework.LoginTest" name="setUp" time="1.260"/>
  <system-out/>
  <testcase classname="automationFramework.LoginTest" name="LogIn" time="5.018"/>
  <system-out/>
</testsuite> <!-- automationFramework.LoginTest -->
